2020-10-09 07:49:14,090 - DEBUG - my HMI: Adding subfeature: fml40::Assortment
2020-10-09 07:49:14,099 - DEBUG - my HMI: Adding subfeature: fml40::ThicknessClass
2020-10-09 07:49:14,106 - DEBUG - my HMI: Adding subfeature: fml40::WoodQuality
2020-10-09 07:49:14,112 - DEBUG - my HMI: Adding subfeature: fml40::HarvestingParameters
2020-10-09 07:49:14,118 - DEBUG - my HMI: Adding subfeature: fml40::TreeType
2020-10-09 07:49:14,126 - DEBUG - my HMI: Adding subfeature: fml40::HarvestedVolume
2020-10-09 07:59:18,314 - DEBUG - my HMI: Adding subfeature: fml40::Assortment
2020-10-09 07:59:18,322 - DEBUG - my HMI: Adding subfeature: fml40::ThicknessClass
2020-10-09 07:59:18,329 - DEBUG - my HMI: Adding subfeature: fml40::WoodQuality
2020-10-09 07:59:18,335 - DEBUG - my HMI: Adding subfeature: fml40::HarvestingParameters
2020-10-09 07:59:18,341 - DEBUG - my HMI: Adding subfeature: fml40::TreeType
2020-10-09 07:59:18,348 - DEBUG - my HMI: Adding subfeature: fml40::HarvestedVolume
2020-10-09 08:20:23,651 - DEBUG - my HMI: Adding subfeature: fml40::Assortment
2020-10-09 08:20:23,660 - DEBUG - my HMI: Adding subfeature: fml40::ThicknessClass
2020-10-09 08:20:23,666 - DEBUG - my HMI: Adding subfeature: fml40::WoodQuality
2020-10-09 08:20:23,671 - DEBUG - my HMI: Adding subfeature: fml40::HarvestingParameters
2020-10-09 08:20:23,677 - DEBUG - my HMI: Adding subfeature: fml40::TreeType
2020-10-09 08:20:23,685 - DEBUG - my HMI: Adding subfeature: fml40::HarvestedVolume
2020-10-09 08:22:41,695 - DEBUG - my HMI: Adding subfeature: fml40::Assortment
2020-10-09 08:22:41,704 - DEBUG - my HMI: Adding subfeature: fml40::ThicknessClass
2020-10-09 08:22:41,710 - DEBUG - my HMI: Adding subfeature: fml40::WoodQuality
2020-10-09 08:22:41,717 - DEBUG - my HMI: Adding subfeature: fml40::HarvestingParameters
2020-10-09 08:22:41,723 - DEBUG - my HMI: Adding subfeature: fml40::TreeType
2020-10-09 08:22:41,730 - DEBUG - my HMI: Adding subfeature: fml40::HarvestedVolume
2020-10-09 08:32:11,852 - DEBUG - my HMI: Adding subfeature: fml40::Assortment
2020-10-09 08:32:11,861 - DEBUG - my HMI: Adding subfeature: fml40::ThicknessClass
2020-10-09 08:32:11,867 - DEBUG - my HMI: Adding subfeature: fml40::WoodQuality
2020-10-09 08:32:11,873 - DEBUG - my HMI: Adding subfeature: fml40::HarvestingParameters
2020-10-09 08:32:11,879 - DEBUG - my HMI: Adding subfeature: fml40::TreeType
2020-10-09 08:32:11,886 - DEBUG - my HMI: Adding subfeature: fml40::HarvestedVolume
2020-10-09 08:36:18,445 - DEBUG - my HMI: Adding subfeature: fml40::Assortment
2020-10-09 08:36:18,454 - DEBUG - my HMI: Adding subfeature: fml40::ThicknessClass
2020-10-09 08:36:18,460 - DEBUG - my HMI: Adding subfeature: fml40::WoodQuality
2020-10-09 08:36:18,466 - DEBUG - my HMI: Adding subfeature: fml40::HarvestingParameters
2020-10-09 08:36:18,472 - DEBUG - my HMI: Adding subfeature: fml40::TreeType
2020-10-09 08:36:18,479 - DEBUG - my HMI: Adding subfeature: fml40::HarvestedVolume
2020-10-09 08:47:57,121 - DEBUG - my HMI: Adding subfeature: fml40::Assortment
2020-10-09 08:47:57,131 - DEBUG - my HMI: Adding subfeature: fml40::ThicknessClass
2020-10-09 08:47:57,136 - DEBUG - my HMI: Adding subfeature: fml40::WoodQuality
2020-10-09 08:47:57,142 - DEBUG - my HMI: Adding subfeature: fml40::HarvestingParameters
2020-10-09 08:47:57,149 - DEBUG - my HMI: Adding subfeature: fml40::TreeType
2020-10-09 08:47:57,159 - DEBUG - my HMI: Adding subfeature: fml40::HarvestedVolume
2020-10-09 10:16:12,073 - DEBUG - my HMI: Adding subfeature: fml40::Assortment
2020-10-09 10:16:12,083 - DEBUG - my HMI: Adding subfeature: fml40::ThicknessClass
2020-10-09 10:16:12,089 - DEBUG - my HMI: Adding subfeature: fml40::WoodQuality
2020-10-09 10:16:12,095 - DEBUG - my HMI: Adding subfeature: fml40::HarvestingParameters
2020-10-09 10:16:12,101 - DEBUG - my HMI: Adding subfeature: fml40::TreeType
2020-10-09 10:16:12,110 - DEBUG - my HMI: Adding subfeature: fml40::HarvestedVolume
