2020-10-30 13:31:35,395 - CRITICAL - my_app_edge: Functionality fml40::AcceptsFellingJobs is not one of the built-in functionalities in my_app_edge!
2020-10-30 13:32:14,331 - DEBUG - my_app_edge: Adding feature: fml40::FellingJob
2020-10-30 13:32:14,333 - DEBUG - my_app_edge: Adding subfeature: fml40::Assortment
2020-10-30 13:32:14,335 - DEBUG - my_app_edge: Adding subfeature: fml40::ThicknessClass
2020-10-30 13:32:14,336 - DEBUG - my_app_edge: Adding subfeature: fml40::WoodQuality
2020-10-30 13:32:14,337 - DEBUG - my_app_edge: Adding subfeature: fml40::HarvestingParameters
2020-10-30 13:32:14,339 - DEBUG - my_app_edge: Adding subfeature: fml40::TreeType
2020-10-30 13:32:14,340 - DEBUG - my_app_edge: Adding subfeature: fml40::HarvestedVolume
2020-10-30 16:25:34,593 - DEBUG - my_app_edge: Adding feature: fml40::FellingJob
2020-10-30 16:25:34,595 - DEBUG - my_app_edge: Adding subfeature: fml40::Assortment
2020-10-30 16:25:34,596 - DEBUG - my_app_edge: Adding subfeature: fml40::ThicknessClass
2020-10-30 16:25:34,597 - DEBUG - my_app_edge: Adding subfeature: fml40::WoodQuality
2020-10-30 16:25:34,598 - DEBUG - my_app_edge: Adding subfeature: fml40::HarvestingParameters
2020-10-30 16:25:34,599 - DEBUG - my_app_edge: Adding subfeature: fml40::TreeType
2020-10-30 16:25:34,600 - DEBUG - my_app_edge: Adding subfeature: fml40::HarvestedVolume
2020-11-02 10:21:21,571 - DEBUG - my_app_edge: Adding feature: fml40::FellingJob
2020-11-02 10:21:21,572 - DEBUG - my_app_edge: Adding subfeature: fml40::Assortment
2020-11-02 10:21:21,574 - DEBUG - my_app_edge: Adding subfeature: fml40::ThicknessClass
2020-11-02 10:21:21,575 - DEBUG - my_app_edge: Adding subfeature: fml40::WoodQuality
2020-11-02 10:21:21,576 - DEBUG - my_app_edge: Adding subfeature: fml40::HarvestingParameters
2020-11-02 10:21:21,577 - DEBUG - my_app_edge: Adding subfeature: fml40::TreeType
2020-11-02 10:21:21,578 - DEBUG - my_app_edge: Adding subfeature: fml40::HarvestedVolume
