2020-10-28 22:08:58,555 - DEBUG - my_cloud_harvester: Creating ditigtal twin my_cloud_harvester with id s3i:bb9362e0-afc5-4c58-a9ac-3d29d0fa5700
2020-10-28 22:08:58,560 - DEBUG - my_cloud_harvester: Adding roles: fml40::Harvester
2020-10-28 22:08:58,561 - DEBUG - my_cloud_harvester: Adding feature: ml40::RotationalSpeed
2020-10-30 11:45:30,701 - DEBUG - my_cloud_harvester: Creating ditigtal twin my_cloud_harvester with id s3i:c588e0bc-c471-427d-81f6-f7477cae3baa
2020-10-30 11:45:30,704 - DEBUG - my_cloud_harvester: Adding roles: fml40::Harvester
2020-10-30 11:45:30,705 - DEBUG - my_cloud_harvester: Adding feature: ml40::RotationalSpeed
2020-10-30 16:20:20,730 - DEBUG - my_cloud_harvester: Creating ditigtal twin my_cloud_harvester with id s3i:1c9f7585-7c6d-46cc-a573-7cc21dc64175
2020-10-30 16:20:20,732 - DEBUG - my_cloud_harvester: Adding roles: fml40::Harvester
2020-10-30 16:20:20,734 - DEBUG - my_cloud_harvester: Adding feature: ml40::RotationalSpeed
2020-11-02 10:01:31,023 - DEBUG - my_cloud_harvester: Creating ditigtal twin my_cloud_harvester with id s3i:622e5b92-724e-4864-85d4-9bcf8350e42d
2020-11-02 10:01:31,027 - DEBUG - my_cloud_harvester: Adding roles: fml40::Harvester
2020-11-02 10:01:31,029 - DEBUG - my_cloud_harvester: Adding feature: ml40::RotationalSpeed
2020-11-07 17:08:32,465 - DEBUG - my_cloud_harvester: Build digital twin my_cloud_harvester with id s3i:080ef045-b727-4654-a2b0-8c6d0155ed1d
2020-11-07 17:08:32,531 - DEBUG - my_cloud_harvester: Adding roles: fml40::Harvester
2020-11-07 17:08:32,537 - DEBUG - my_cloud_harvester: Adding feature: ml40::RotationalSpeed
2020-11-07 17:22:22,790 - DEBUG - my_cloud_harvester: Build digital twin my_cloud_harvester with id s3i:e50a2360-3576-44bb-b091-cf555401386a
2020-11-07 17:22:22,795 - DEBUG - my_cloud_harvester: Adding roles: fml40::Harvester
2020-11-07 17:22:22,797 - DEBUG - my_cloud_harvester: Adding feature: ml40::RotationalSpeed
2020-11-07 22:15:19,931 - DEBUG - my_cloud_harvester: Build digital twin my_cloud_harvester with id s3i:c5e2b47f-6748-4273-8ae5-f4959884614e
2020-11-07 22:15:19,935 - DEBUG - my_cloud_harvester: Adding roles: fml40::Harvester
2020-11-07 22:15:19,936 - DEBUG - my_cloud_harvester: Adding feature: ml40::RotationalSpeed
2020-11-08 11:51:26,519 - DEBUG - my_cloud_harvester: Build digital twin my_cloud_harvester with id s3i:23a1bd86-69c0-44c2-a09a-140e549a20c9
2020-11-08 11:51:26,519 - DEBUG - my_cloud_harvester: Build digital twin my_cloud_harvester with id s3i:23a1bd86-69c0-44c2-a09a-140e549a20c9
2020-11-08 11:51:26,534 - DEBUG - my_cloud_harvester: Adding roles: fml40::Harvester
2020-11-08 11:51:26,534 - DEBUG - my_cloud_harvester: Adding roles: fml40::Harvester
2020-11-08 11:51:26,535 - DEBUG - my_cloud_harvester: Adding feature: ml40::RotationalSpeed
2020-11-08 11:51:26,535 - DEBUG - my_cloud_harvester: Adding feature: ml40::RotationalSpeed
2020-11-08 12:15:38,533 - DEBUG - my_cloud_harvester: Build digital twin my_cloud_harvester with id s3i:52c258d4-9171-454e-a029-6b8109ad9920
2020-11-08 12:15:38,535 - DEBUG - my_cloud_harvester: Adding roles: fml40::Harvester
2020-11-08 12:15:38,537 - DEBUG - my_cloud_harvester: Adding feature: ml40::RotationalSpeed
2020-11-08 15:12:47,996 - DEBUG - my_cloud_harvester: Build digital twin my_cloud_harvester with id s3i:605d143e-35ec-4f84-8143-68bbe5465390
2020-11-08 15:12:47,999 - DEBUG - my_cloud_harvester: Adding roles: fml40::Harvester
2020-11-08 15:12:48,000 - DEBUG - my_cloud_harvester: Adding feature: ml40::RotationalSpeed
2020-11-08 15:59:24,668 - DEBUG - my_cloud_harvester: Build digital twin my_cloud_harvester with id s3i:9776ff48-8fbf-4609-94ef-87c8066ce85a
2020-11-08 15:59:24,681 - DEBUG - my_cloud_harvester: Adding roles: fml40::Harvester
2020-11-08 15:59:24,682 - DEBUG - my_cloud_harvester: Adding feature: ml40::RotationalSpeed
2020-11-09 19:55:30,590 - INFO - my_cloud_harvester: Build digital twin my_cloud_harvester with id s3i:6c263d06-1a68-4188-8f4c-58ff83dd8a88
2020-11-09 19:55:30,603 - INFO - my_cloud_harvester: Adding roles: fml40::Harvester
2020-11-09 19:55:30,604 - INFO - my_cloud_harvester: Adding feature: ml40::RotationalSpeed
2020-11-09 22:50:55,735 - INFO - my_cloud_harvester: Build digital twin my_cloud_harvester with id s3i:76046edb-d3c2-4a25-9d46-24fbc27882dc
2020-11-09 22:50:55,736 - INFO - my_cloud_harvester: Adding roles: fml40::Harvester
2020-11-09 22:50:55,738 - INFO - my_cloud_harvester: Adding feature: ml40::RotationalSpeed
2020-11-09 23:40:48,188 - INFO - my_cloud_harvester: Build digital twin my_cloud_harvester with id s3i:76046edb-d3c2-4a25-9d46-24fbc27882dc
2020-11-09 23:40:48,189 - INFO - my_cloud_harvester: Adding roles: fml40::Harvester
2020-11-09 23:40:48,190 - INFO - my_cloud_harvester: Adding feature: ml40::RotationalSpeed
2020-11-09 23:42:48,004 - INFO - my_cloud_harvester: Build digital twin my_cloud_harvester with id s3i:76046edb-d3c2-4a25-9d46-24fbc27882dc
2020-11-09 23:42:48,006 - INFO - my_cloud_harvester: Adding roles: fml40::Harvester
2020-11-09 23:42:48,007 - INFO - my_cloud_harvester: Adding feature: ml40::RotationalSpeed
2020-11-09 23:50:54,883 - INFO - my_cloud_harvester: Build digital twin my_cloud_harvester with id s3i:76046edb-d3c2-4a25-9d46-24fbc27882dc
2020-11-09 23:50:54,885 - INFO - my_cloud_harvester: Adding roles: fml40::Harvester
2020-11-09 23:50:54,886 - INFO - my_cloud_harvester: Adding feature: ml40::RotationalSpeed
2020-11-09 23:54:42,541 - INFO - my_cloud_harvester: Build digital twin my_cloud_harvester with id s3i:76046edb-d3c2-4a25-9d46-24fbc27882dc
2020-11-09 23:54:42,543 - INFO - my_cloud_harvester: Adding roles: fml40::Harvester
2020-11-09 23:54:42,544 - INFO - my_cloud_harvester: Adding feature: ml40::RotationalSpeed
2020-11-09 23:55:34,896 - INFO - my_cloud_harvester: Build digital twin my_cloud_harvester with id s3i:76046edb-d3c2-4a25-9d46-24fbc27882dc
2020-11-09 23:55:34,897 - INFO - my_cloud_harvester: Adding roles: fml40::Harvester
2020-11-09 23:55:34,898 - INFO - my_cloud_harvester: Adding feature: ml40::RotationalSpeed
