2020-10-30 11:57:06,275 - DEBUG - my_edge_harvester: Creating ditigtal twin my_edge_harvester with id s3i:8d4f6d3c-3629-438e-bcd2-5c5005464f0e
2020-10-30 11:57:06,279 - DEBUG - my_edge_harvester: Adding roles: fml40::Harvester
2020-10-30 11:57:06,280 - DEBUG - my_edge_harvester: Adding feature: fml40::ProvidesProductionData
2020-10-30 11:57:06,281 - DEBUG - my_edge_harvester: Adding feature: fml40::AcceptsFellingJobs
2020-10-30 11:57:06,283 - DEBUG - my_edge_harvester: Adding feature: ml40::Location
2020-10-30 11:57:06,284 - DEBUG - my_edge_harvester: Adding feature: ml40::Composite
2020-10-30 11:57:06,286 - DEBUG - my_edge_harvester: Creating ditigtal twin my_engine with id 
2020-10-30 11:57:06,287 - DEBUG - my_edge_harvester: Adding roles: ml40::Engine
2020-10-30 11:57:06,288 - DEBUG - my_edge_harvester: Adding feature: ml40::RotationalSpeed
2020-10-30 11:57:06,290 - DEBUG - my_edge_harvester: Creating ditigtal twin my_bord_computer with id 
2020-10-30 11:57:06,291 - DEBUG - my_edge_harvester: Adding roles: ml40::MachineUI
2020-10-30 11:57:06,327 - DEBUG - my_edge_harvester: Implementation object is added into the functionality fml40::AcceptsFellingJobs
2020-10-30 11:57:40,039 - DEBUG - my_edge_harvester: Creating ditigtal twin my_edge_harvester with id s3i:8d4f6d3c-3629-438e-bcd2-5c5005464f0e
2020-10-30 11:57:40,041 - DEBUG - my_edge_harvester: Adding roles: fml40::Harvester
2020-10-30 11:57:40,043 - DEBUG - my_edge_harvester: Adding feature: fml40::ProvidesProductionData
2020-10-30 11:57:40,044 - DEBUG - my_edge_harvester: Adding feature: fml40::AcceptsFellingJobs
2020-10-30 11:57:40,045 - DEBUG - my_edge_harvester: Adding feature: ml40::Location
2020-10-30 11:57:40,045 - DEBUG - my_edge_harvester: Adding feature: ml40::Composite
2020-10-30 11:57:40,046 - DEBUG - my_edge_harvester: Creating ditigtal twin my_engine with id 
2020-10-30 11:57:40,048 - DEBUG - my_edge_harvester: Adding roles: ml40::Engine
2020-10-30 11:57:40,050 - DEBUG - my_edge_harvester: Adding feature: ml40::RotationalSpeed
2020-10-30 11:57:40,051 - DEBUG - my_edge_harvester: Creating ditigtal twin my_bord_computer with id 
2020-10-30 11:57:40,052 - DEBUG - my_edge_harvester: Adding roles: ml40::MachineUI
2020-10-30 11:57:40,082 - DEBUG - my_edge_harvester: Implementation object is added into the functionality fml40::AcceptsFellingJobs
2020-10-30 11:58:57,082 - DEBUG - my_edge_harvester: Creating ditigtal twin my_edge_harvester with id s3i:8d4f6d3c-3629-438e-bcd2-5c5005464f0e
2020-10-30 11:58:57,085 - DEBUG - my_edge_harvester: Adding roles: fml40::Harvester
2020-10-30 11:58:57,087 - DEBUG - my_edge_harvester: Adding feature: fml40::ProvidesProductionData
2020-10-30 11:58:57,088 - DEBUG - my_edge_harvester: Adding feature: fml40::AcceptsFellingJobs
2020-10-30 11:58:57,089 - DEBUG - my_edge_harvester: Adding feature: ml40::Location
2020-10-30 11:58:57,091 - DEBUG - my_edge_harvester: Adding feature: ml40::Composite
2020-10-30 11:58:57,092 - DEBUG - my_edge_harvester: Creating ditigtal twin my_engine with id 
2020-10-30 11:58:57,093 - DEBUG - my_edge_harvester: Adding roles: ml40::Engine
2020-10-30 11:58:57,094 - DEBUG - my_edge_harvester: Adding feature: ml40::RotationalSpeed
2020-10-30 11:58:57,095 - DEBUG - my_edge_harvester: Creating ditigtal twin my_bord_computer with id 
2020-10-30 11:58:57,096 - DEBUG - my_edge_harvester: Adding roles: ml40::MachineUI
2020-10-30 11:58:57,125 - DEBUG - my_edge_harvester: Implementation object is added into the functionality fml40::AcceptsFellingJobs
2020-10-30 13:25:40,324 - DEBUG - my_edge_harvester: Creating ditigtal twin my_edge_harvester with id s3i:8d4f6d3c-3629-438e-bcd2-5c5005464f0e
2020-10-30 13:25:40,327 - DEBUG - my_edge_harvester: Adding roles: fml40::Harvester
2020-10-30 13:25:40,328 - DEBUG - my_edge_harvester: Adding feature: fml40::ProvidesProductionData
2020-10-30 13:25:40,329 - DEBUG - my_edge_harvester: Adding feature: fml40::AcceptsFellingJobs
2020-10-30 13:25:40,329 - DEBUG - my_edge_harvester: Adding feature: ml40::Location
2020-10-30 13:25:40,331 - DEBUG - my_edge_harvester: Adding feature: ml40::Composite
2020-10-30 13:25:40,332 - DEBUG - my_edge_harvester: Creating ditigtal twin my_engine with id 
2020-10-30 13:25:40,333 - DEBUG - my_edge_harvester: Adding roles: ml40::Engine
2020-10-30 13:25:40,334 - DEBUG - my_edge_harvester: Adding feature: ml40::RotationalSpeed
2020-10-30 13:25:40,336 - DEBUG - my_edge_harvester: Creating ditigtal twin my_bord_computer with id 
2020-10-30 13:25:40,336 - DEBUG - my_edge_harvester: Adding roles: ml40::MachineUI
2020-10-30 13:25:40,366 - DEBUG - my_edge_harvester: Implementation object is added into the functionality fml40::AcceptsFellingJobs
2020-10-30 13:32:55,087 - INFO - my_edge_harvester: Checking if the felling job can be accepted.
2020-10-30 13:32:55,088 - DEBUG - my_edge_harvester: Adding feature: ml40::FellingJob
2020-10-30 13:32:55,089 - DEBUG - my_edge_harvester: Adding subfeature: ml40::Assortment
2020-10-30 13:32:55,089 - DEBUG - my_edge_harvester: Adding subfeature: ml40::ThicknessClass
2020-10-30 13:32:55,091 - DEBUG - my_edge_harvester: Adding subfeature: ml40::WoodQuality
2020-10-30 13:32:55,092 - DEBUG - my_edge_harvester: Adding subfeature: ml40::HarvestingParameters
2020-10-30 13:32:55,093 - DEBUG - my_edge_harvester: Adding subfeature: ml40::TreeType
2020-10-30 13:32:55,093 - DEBUG - my_edge_harvester: Adding subfeature: ml40::HarvestedVolume
2020-10-30 13:32:55,094 - INFO - my_edge_harvester: Job with ID s3i:cb2cf337-6d28-4830-ba99-e0cf4e3dc240 has been accepted
2020-10-30 13:33:24,014 - INFO - my_edge_harvester: Checking the job status of job s3i:cb2cf337-6d28-4830-ba99-e0cf4e3dc240
2020-10-30 13:33:24,015 - INFO - my_edge_harvester: Job s3i:cb2cf337-6d28-4830-ba99-e0cf4e3dc240 is now in status InProgress
2020-10-30 16:23:58,257 - DEBUG - my_edge_harvester: Creating ditigtal twin my_edge_harvester with id s3i:7b362846-ecab-445b-86a7-7284fbd338ac
2020-10-30 16:23:58,260 - DEBUG - my_edge_harvester: Adding roles: fml40::Harvester
2020-10-30 16:23:58,262 - DEBUG - my_edge_harvester: Adding feature: fml40::ProvidesProductionData
2020-10-30 16:23:58,263 - DEBUG - my_edge_harvester: Adding feature: fml40::AcceptsFellingJobs
2020-10-30 16:23:58,264 - DEBUG - my_edge_harvester: Adding feature: ml40::Location
2020-10-30 16:23:58,265 - DEBUG - my_edge_harvester: Adding feature: ml40::Composite
2020-10-30 16:23:58,266 - DEBUG - my_edge_harvester: Creating ditigtal twin my_engine with id 
2020-10-30 16:23:58,266 - DEBUG - my_edge_harvester: Adding roles: ml40::Engine
2020-10-30 16:23:58,267 - DEBUG - my_edge_harvester: Adding feature: ml40::RotationalSpeed
2020-10-30 16:23:58,268 - DEBUG - my_edge_harvester: Creating ditigtal twin my_bord_computer with id 
2020-10-30 16:23:58,270 - DEBUG - my_edge_harvester: Adding roles: ml40::MachineUI
2020-10-30 16:23:58,306 - DEBUG - my_edge_harvester: Implementation object is added into the functionality fml40::AcceptsFellingJobs
2020-10-30 16:24:44,400 - DEBUG - my_edge_harvester: Creating ditigtal twin my_edge_harvester with id s3i:7b362846-ecab-445b-86a7-7284fbd338ac
2020-10-30 16:24:44,404 - DEBUG - my_edge_harvester: Adding roles: fml40::Harvester
2020-10-30 16:24:44,405 - DEBUG - my_edge_harvester: Adding feature: fml40::ProvidesProductionData
2020-10-30 16:24:44,406 - DEBUG - my_edge_harvester: Adding feature: fml40::AcceptsFellingJobs
2020-10-30 16:24:44,407 - DEBUG - my_edge_harvester: Adding feature: ml40::Location
2020-10-30 16:24:44,408 - DEBUG - my_edge_harvester: Adding feature: ml40::Composite
2020-10-30 16:24:44,409 - DEBUG - my_edge_harvester: Creating ditigtal twin my_engine with id 
2020-10-30 16:24:44,410 - DEBUG - my_edge_harvester: Adding roles: ml40::Engine
2020-10-30 16:24:44,410 - DEBUG - my_edge_harvester: Adding feature: ml40::RotationalSpeed
2020-10-30 16:24:44,412 - DEBUG - my_edge_harvester: Creating ditigtal twin my_bord_computer with id 
2020-10-30 16:24:44,413 - DEBUG - my_edge_harvester: Adding roles: ml40::MachineUI
2020-10-30 16:24:44,443 - DEBUG - my_edge_harvester: Implementation object is added into the functionality fml40::AcceptsFellingJobs
2020-10-30 16:26:11,981 - INFO - my_edge_harvester: Checking if the felling job can be accepted.
2020-10-30 16:26:11,982 - DEBUG - my_edge_harvester: Adding feature: ml40::FellingJob
2020-10-30 16:26:11,983 - DEBUG - my_edge_harvester: Adding subfeature: ml40::Assortment
2020-10-30 16:26:11,984 - DEBUG - my_edge_harvester: Adding subfeature: ml40::ThicknessClass
2020-10-30 16:26:11,984 - DEBUG - my_edge_harvester: Adding subfeature: ml40::WoodQuality
2020-10-30 16:26:11,985 - DEBUG - my_edge_harvester: Adding subfeature: ml40::HarvestingParameters
2020-10-30 16:26:11,986 - DEBUG - my_edge_harvester: Adding subfeature: ml40::TreeType
2020-10-30 16:26:11,987 - DEBUG - my_edge_harvester: Adding subfeature: ml40::HarvestedVolume
2020-10-30 16:26:11,988 - INFO - my_edge_harvester: Job with ID s3i:8c02300c-9e61-4f8c-aded-86862b5361c3 has been accepted
2020-10-30 16:26:39,000 - INFO - my_edge_harvester: Checking the job status of job s3i:8c02300c-9e61-4f8c-aded-86862b5361c3
2020-10-30 16:26:39,000 - INFO - my_edge_harvester: Job s3i:8c02300c-9e61-4f8c-aded-86862b5361c3 is now in status InProgress
